SkyplusHockey/android/build/outputs/logs/manifest-merger-debug-report.txt
-- Merging decision tree log ---
manifest
ADDED from SkyplusHockey\android\AndroidManifest.xml:2:1-37:12
	package
		ADDED from SkyplusHockey\android\AndroidManifest.xml:3:5-33
		INJECTED from SkyplusHockey\android\AndroidManifest.xml
		INJECTED from SkyplusHockey\android\AndroidManifest.xml
	android:versionName
		ADDED from SkyplusHockey\android\AndroidManifest.xml:5:5-30
		INJECTED from SkyplusHockey\android\AndroidManifest.xml
		INJECTED from SkyplusHockey\android\AndroidManifest.xml
	android:versionCode
		ADDED from SkyplusHockey\android\AndroidManifest.xml:4:5-28
		INJECTED from SkyplusHockey\android\AndroidManifest.xml
		INJECTED from SkyplusHockey\android\AndroidManifest.xml
	xmlns:android
		ADDED from SkyplusHockey\android\AndroidManifest.xml:2:11-69
uses-sdk
ADDED from SkyplusHockey\android\AndroidManifest.xml:7:5-9:41
	android:targetSdkVersion
		ADDED from SkyplusHockey\android\AndroidManifest.xml:9:9-38
		INJECTED from SkyplusHockey\android\AndroidManifest.xml
		INJECTED from SkyplusHockey\android\AndroidManifest.xml
	android:minSdkVersion
		ADDED from SkyplusHockey\android\AndroidManifest.xml:8:9-34
		INJECTED from SkyplusHockey\android\AndroidManifest.xml
		INJECTED from SkyplusHockey\android\AndroidManifest.xml
uses-permission#android.permission.ACCESS_NETWORK_STATE
ADDED from SkyplusHockey\android\AndroidManifest.xml:11:5-79
	android:name
		ADDED from SkyplusHockey\android\AndroidManifest.xml:11:22-76
uses-permission#android.permission.ACCESS_WIFI_STATE
ADDED from SkyplusHockey\android\AndroidManifest.xml:12:5-76
	android:name
		ADDED from SkyplusHockey\android\AndroidManifest.xml:12:22-73
uses-permission#android.permission.INTERNET
ADDED from SkyplusHockey\android\AndroidManifest.xml:13:5-67
	android:name
		ADDED from SkyplusHockey\android\AndroidManifest.xml:13:22-64
uses-permission#android.permission.RECORD_AUDIO
ADDED from SkyplusHockey\android\AndroidManifest.xml:14:5-71
	android:name
		ADDED from SkyplusHockey\android\AndroidManifest.xml:14:22-68
uses-permission#android.permission.WRITE_EXTERNAL_STORAGE
ADDED from SkyplusHockey\android\AndroidManifest.xml:15:5-81
	android:name
		ADDED from SkyplusHockey\android\AndroidManifest.xml:15:22-78
uses-permission#android.permission.READ_PHONE_STATE
ADDED from SkyplusHockey\android\AndroidManifest.xml:16:5-75
	android:name
		ADDED from SkyplusHockey\android\AndroidManifest.xml:16:22-72
uses-permission#android.permission.READ_EXTERNAL_STORAGE
ADDED from SkyplusHockey\android\AndroidManifest.xml:17:5-80
	android:name
		ADDED from SkyplusHockey\android\AndroidManifest.xml:17:22-77
application
ADDED from SkyplusHockey\android\AndroidManifest.xml:19:5-35:19
	android:label
		ADDED from SkyplusHockey\android\AndroidManifest.xml:22:9-41
	android:allowBackup
		ADDED from SkyplusHockey\android\AndroidManifest.xml:20:9-35
	android:icon
		ADDED from SkyplusHockey\android\AndroidManifest.xml:21:9-45
	android:theme
		ADDED from SkyplusHockey\android\AndroidManifest.xml:23:9-40
activity#com.skyplus.hockey.AndroidLauncher
ADDED from SkyplusHockey\android\AndroidManifest.xml:24:9-34:20
	android:screenOrientation
		ADDED from SkyplusHockey\android\AndroidManifest.xml:28:13-49
	android:label
		ADDED from SkyplusHockey\android\AndroidManifest.xml:27:13-45
	android:configChanges
		ADDED from SkyplusHockey\android\AndroidManifest.xml:26:13-83
	android:name
		ADDED from SkyplusHockey\android\AndroidManifest.xml:25:13-44
intent-filter#android.intent.action.MAIN+android.intent.category.LAUNCHER
ADDED from SkyplusHockey\android\AndroidManifest.xml:29:13-33:29
action#android.intent.action.MAIN
ADDED from SkyplusHockey\android\AndroidManifest.xml:30:17-69
	android:name
		ADDED from SkyplusHockey\android\AndroidManifest.xml:30:25-66
category#android.intent.category.LAUNCHER
ADDED from SkyplusHockey\android\AndroidManifest.xml:32:17-77
	android:name
		ADDED from SkyplusHockey\android\AndroidManifest.xml:32:27-74